<?xml version="1.0" encoding="UTF-8"?>
<!-- Generated by org.testng.reporters.JUnitXMLReporter -->
<testsuite hostname="USER" name="Default test" tests="10" failures="0" timestamp="3 Sep 2016 03:01:45 GMT" time="49.078" errors="0">
  <testcase name="addJobTitles" time="0.016" classname="com.hrms.orangehrms.project.testcases.Admin_JobConfigTest">
    <skipped/>
  </testcase> <!-- addJobTitles -->
  <testcase name="addJobTitles" time="0.0" classname="com.hrms.orangehrms.project.testcases.Admin_JobConfigTest">
    <skipped/>
  </testcase> <!-- addJobTitles -->
  <testcase name="addJobTitles" time="0.0" classname="com.hrms.orangehrms.project.testcases.Admin_JobConfigTest">
    <skipped/>
  </testcase> <!-- addJobTitles -->
  <testcase name="deleteJobTitleTest" time="0.0" classname="com.hrms.orangehrms.project.testcases.Admin_JobConfigTest">
    <skipped/>
  </testcase> <!-- deleteJobTitleTest -->
  <testcase name="deleteJobTitleTest" time="0.0" classname="com.hrms.orangehrms.project.testcases.Admin_JobConfigTest">
    <skipped/>
  </testcase> <!-- deleteJobTitleTest -->
  <testcase name="deleteJobTitleTest" time="0.015" classname="com.hrms.orangehrms.project.testcases.Admin_JobConfigTest">
    <skipped/>
  </testcase> <!-- deleteJobTitleTest -->
  <testcase name="editJobTitleTest" time="22.039" classname="com.hrms.orangehrms.project.testcases.Admin_JobConfigTest"/>
  <testcase name="editJobTitleTest" time="11.321" classname="com.hrms.orangehrms.project.testcases.Admin_JobConfigTest"/>
  <testcase name="editJobTitleTest" time="5.751" classname="com.hrms.orangehrms.project.testcases.Admin_JobConfigTest"/>
  <testcase name="editJobTitleTest" time="7.969" classname="com.hrms.orangehrms.project.testcases.Admin_JobConfigTest"/>
</testsuite> <!-- Default test -->
