<?xml version="1.0" encoding="UTF-8"?>
<testng-results skipped="0" failed="0" total="17" passed="17">
  <reporter-output>
  </reporter-output>
  <suite name="Default suite" duration-ms="625500" started-at="2016-09-09T02:12:05Z" finished-at="2016-09-09T02:22:31Z">
    <groups>
    </groups>
    <test name="Default test" duration-ms="625500" started-at="2016-09-09T02:12:05Z" finished-at="2016-09-09T02:22:31Z">
      <class name="com.hrms.orangehrms.project.testcases.Admin_JobConfigTest">
        <test-method status="PASS" signature="startUp()[pri:0, instance:com.hrms.orangehrms.project.testcases.Admin_JobConfigTest@56ac3a89]" name="startUp" is-config="true" duration-ms="10" started-at="2016-09-09T07:42:05Z" finished-at="2016-09-09T07:42:05Z">
          <reporter-output>
          </reporter-output>
        </test-method> <!-- startUp -->
        <test-method status="PASS" signature="create()[pri:0, instance:com.hrms.orangehrms.project.testcases.Admin_JobConfigTest@56ac3a89]" name="create" is-config="true" duration-ms="2" started-at="2016-09-09T07:42:06Z" finished-at="2016-09-09T07:42:06Z">
          <reporter-output>
          </reporter-output>
        </test-method> <!-- create -->
        <test-method status="PASS" signature="addJobTitles(java.util.Hashtable)[pri:0, instance:com.hrms.orangehrms.project.testcases.Admin_JobConfigTest@56ac3a89]" name="addJobTitles" duration-ms="59098" started-at="2016-09-09T07:42:06Z" data-provider="getData" finished-at="2016-09-09T07:43:05Z">
          <params>
            <param index="0">
              <value>
                <![CDATA[{Note=Write code to solve a business problem, Job Title=Software Engineer, BrowserName=Chrome, Runmode=Y, Duplicate=Y, Job Description=Design software systems, Job Specification=Random}]]>
              </value>
            </param>
          </params>
          <reporter-output>
          </reporter-output>
        </test-method> <!-- addJobTitles -->
        <test-method status="PASS" signature="addJobTitles(java.util.Hashtable)[pri:0, instance:com.hrms.orangehrms.project.testcases.Admin_JobConfigTest@56ac3a89]" name="addJobTitles" duration-ms="71925" started-at="2016-09-09T07:43:05Z" data-provider="getData" finished-at="2016-09-09T07:44:17Z">
          <params>
            <param index="0">
              <value>
                <![CDATA[{Note=Write test cases, Job Title=Software Tester, BrowserName=Chrome, Runmode=Y, Duplicate=N, Job Description=Find faults and defects in the system, Job Specification=Random}]]>
              </value>
            </param>
          </params>
          <reporter-output>
          </reporter-output>
        </test-method> <!-- addJobTitles -->
        <test-method status="PASS" signature="destroy()[pri:0, instance:com.hrms.orangehrms.project.testcases.Admin_JobConfigTest@56ac3a89]" name="destroy" is-config="true" duration-ms="0" started-at="2016-09-09T07:43:05Z" finished-at="2016-09-09T07:43:05Z">
          <reporter-output>
          </reporter-output>
        </test-method> <!-- destroy -->
        <test-method status="PASS" signature="create()[pri:0, instance:com.hrms.orangehrms.project.testcases.Admin_JobConfigTest@56ac3a89]" name="create" is-config="true" duration-ms="0" started-at="2016-09-09T07:43:05Z" finished-at="2016-09-09T07:43:05Z">
          <reporter-output>
          </reporter-output>
        </test-method> <!-- create -->
        <test-method status="PASS" signature="create()[pri:0, instance:com.hrms.orangehrms.project.testcases.Admin_JobConfigTest@56ac3a89]" name="create" is-config="true" duration-ms="0" started-at="2016-09-09T07:44:17Z" finished-at="2016-09-09T07:44:17Z">
          <reporter-output>
          </reporter-output>
        </test-method> <!-- create -->
        <test-method status="PASS" signature="destroy()[pri:0, instance:com.hrms.orangehrms.project.testcases.Admin_JobConfigTest@56ac3a89]" name="destroy" is-config="true" duration-ms="0" started-at="2016-09-09T07:44:17Z" finished-at="2016-09-09T07:44:17Z">
          <reporter-output>
          </reporter-output>
        </test-method> <!-- destroy -->
        <test-method status="PASS" signature="addJobTitles(java.util.Hashtable)[pri:0, instance:com.hrms.orangehrms.project.testcases.Admin_JobConfigTest@56ac3a89]" name="addJobTitles" duration-ms="38167" started-at="2016-09-09T07:44:17Z" data-provider="getData" finished-at="2016-09-09T07:44:55Z">
          <params>
            <param index="0">
              <value>
                <![CDATA[{Note=Write code to automate testing, Job Title=Test Architect, BrowserName=Chrome, Runmode=Y, Duplicate=N, Job Description=Design automation frameworks, Job Specification=}]]>
              </value>
            </param>
          </params>
          <reporter-output>
          </reporter-output>
        </test-method> <!-- addJobTitles -->
        <test-method status="PASS" signature="destroy()[pri:0, instance:com.hrms.orangehrms.project.testcases.Admin_JobConfigTest@56ac3a89]" name="destroy" is-config="true" duration-ms="0" started-at="2016-09-09T07:44:55Z" finished-at="2016-09-09T07:44:55Z">
          <reporter-output>
          </reporter-output>
        </test-method> <!-- destroy -->
        <test-method status="PASS" signature="create()[pri:0, instance:com.hrms.orangehrms.project.testcases.Admin_JobConfigTest@56ac3a89]" name="create" is-config="true" duration-ms="0" started-at="2016-09-09T07:44:55Z" finished-at="2016-09-09T07:44:55Z">
          <reporter-output>
          </reporter-output>
        </test-method> <!-- create -->
        <test-method status="PASS" signature="addJobTitles(java.util.Hashtable)[pri:0, instance:com.hrms.orangehrms.project.testcases.Admin_JobConfigTest@56ac3a89]" name="addJobTitles" duration-ms="38265" started-at="2016-09-09T07:44:55Z" data-provider="getData" finished-at="2016-09-09T07:45:33Z">
          <params>
            <param index="0">
              <value>
                <![CDATA[{Note=Maintain and add new components to the network, Job Title=, BrowserName=Chrome, Runmode=Y, Duplicate=N, Job Description=Manage and setup the network, Job Specification=}]]>
              </value>
            </param>
          </params>
          <reporter-output>
          </reporter-output>
        </test-method> <!-- addJobTitles -->
        <test-method status="PASS" signature="addJobTitles(java.util.Hashtable)[pri:0, instance:com.hrms.orangehrms.project.testcases.Admin_JobConfigTest@56ac3a89]" name="addJobTitles" duration-ms="100338" started-at="2016-09-09T07:45:33Z" data-provider="getData" finished-at="2016-09-09T07:47:14Z">
          <params>
            <param index="0">
              <value>
                <![CDATA[{Note=Maintain and add new components to the network, Job Title=Network Engineer, BrowserName=Chrome, Runmode=Y, Duplicate=Y, Job Description=Manage and setup the network, Job Specification=E:\Selenium\OrangeHRM\OrangeHRMS_DDF_Framework\abc.xml}]]>
              </value>
            </param>
          </params>
          <reporter-output>
          </reporter-output>
        </test-method> <!-- addJobTitles -->
        <test-method status="PASS" signature="create()[pri:0, instance:com.hrms.orangehrms.project.testcases.Admin_JobConfigTest@56ac3a89]" name="create" is-config="true" duration-ms="0" started-at="2016-09-09T07:45:33Z" finished-at="2016-09-09T07:45:33Z">
          <reporter-output>
          </reporter-output>
        </test-method> <!-- create -->
        <test-method status="PASS" signature="destroy()[pri:0, instance:com.hrms.orangehrms.project.testcases.Admin_JobConfigTest@56ac3a89]" name="destroy" is-config="true" duration-ms="0" started-at="2016-09-09T07:45:33Z" finished-at="2016-09-09T07:45:33Z">
          <reporter-output>
          </reporter-output>
        </test-method> <!-- destroy -->
        <test-method status="PASS" signature="create()[pri:0, instance:com.hrms.orangehrms.project.testcases.Admin_JobConfigTest@56ac3a89]" name="create" is-config="true" duration-ms="0" started-at="2016-09-09T07:47:14Z" finished-at="2016-09-09T07:47:14Z">
          <reporter-output>
          </reporter-output>
        </test-method> <!-- create -->
        <test-method status="PASS" signature="destroy()[pri:0, instance:com.hrms.orangehrms.project.testcases.Admin_JobConfigTest@56ac3a89]" name="destroy" is-config="true" duration-ms="0" started-at="2016-09-09T07:47:14Z" finished-at="2016-09-09T07:47:14Z">
          <reporter-output>
          </reporter-output>
        </test-method> <!-- destroy -->
        <test-method status="PASS" signature="addJobTitles(java.util.Hashtable)[pri:0, instance:com.hrms.orangehrms.project.testcases.Admin_JobConfigTest@56ac3a89]" name="addJobTitles" duration-ms="38050" started-at="2016-09-09T07:47:14Z" data-provider="getData" finished-at="2016-09-09T07:47:52Z">
          <params>
            <param index="0">
              <value>
                <![CDATA[{Note=Write test cases, Job Title=Sr. Software Tester, BrowserName=Chrome, Runmode=Y, Duplicate=N, Job Description=Find faults and defects in the system, Job Specification=Random}]]>
              </value>
            </param>
          </params>
          <reporter-output>
          </reporter-output>
        </test-method> <!-- addJobTitles -->
        <test-method status="PASS" signature="addJobTitles(java.util.Hashtable)[pri:0, instance:com.hrms.orangehrms.project.testcases.Admin_JobConfigTest@56ac3a89]" name="addJobTitles" duration-ms="71603" started-at="2016-09-09T07:47:52Z" data-provider="getData" finished-at="2016-09-09T07:49:03Z">
          <params>
            <param index="0">
              <value>
                <![CDATA[{Note=Write and maintain the quality assurance process, Job Title=QA Engineer, BrowserName=Chrome, Runmode=Y, Duplicate=N, Job Description=Find faults and defects in the software quality process, Job Specification=Random}]]>
              </value>
            </param>
          </params>
          <reporter-output>
          </reporter-output>
        </test-method> <!-- addJobTitles -->
        <test-method status="PASS" signature="create()[pri:0, instance:com.hrms.orangehrms.project.testcases.Admin_JobConfigTest@56ac3a89]" name="create" is-config="true" duration-ms="0" started-at="2016-09-09T07:47:52Z" finished-at="2016-09-09T07:47:52Z">
          <reporter-output>
          </reporter-output>
        </test-method> <!-- create -->
        <test-method status="PASS" signature="destroy()[pri:0, instance:com.hrms.orangehrms.project.testcases.Admin_JobConfigTest@56ac3a89]" name="destroy" is-config="true" duration-ms="0" started-at="2016-09-09T07:47:52Z" finished-at="2016-09-09T07:47:52Z">
          <reporter-output>
          </reporter-output>
        </test-method> <!-- destroy -->
        <test-method status="PASS" signature="destroy()[pri:0, instance:com.hrms.orangehrms.project.testcases.Admin_JobConfigTest@56ac3a89]" name="destroy" is-config="true" duration-ms="0" started-at="2016-09-09T07:49:03Z" finished-at="2016-09-09T07:49:03Z">
          <reporter-output>
          </reporter-output>
        </test-method> <!-- destroy -->
        <test-method status="PASS" signature="create()[pri:0, instance:com.hrms.orangehrms.project.testcases.Admin_JobConfigTest@56ac3a89]" name="create" is-config="true" duration-ms="0" started-at="2016-09-09T07:49:04Z" finished-at="2016-09-09T07:49:04Z">
          <reporter-output>
          </reporter-output>
        </test-method> <!-- create -->
        <test-method status="PASS" signature="deleteJobTitleTest(java.util.Hashtable)[pri:0, instance:com.hrms.orangehrms.project.testcases.Admin_JobConfigTest@56ac3a89]" name="deleteJobTitleTest" duration-ms="9436" started-at="2016-09-09T07:49:04Z" data-provider="getDeleteData" finished-at="2016-09-09T07:49:13Z">
          <params>
            <param index="0">
              <value>
                <![CDATA[{Job Title=Software Tester, BrowserName=Chrome, Runmode=Y, Expected Result=Pass}]]>
              </value>
            </param>
          </params>
          <reporter-output>
          </reporter-output>
        </test-method> <!-- deleteJobTitleTest -->
        <test-method status="PASS" signature="destroy()[pri:0, instance:com.hrms.orangehrms.project.testcases.Admin_JobConfigTest@56ac3a89]" name="destroy" is-config="true" duration-ms="0" started-at="2016-09-09T07:49:13Z" finished-at="2016-09-09T07:49:13Z">
          <reporter-output>
          </reporter-output>
        </test-method> <!-- destroy -->
        <test-method status="PASS" signature="deleteJobTitleTest(java.util.Hashtable)[pri:0, instance:com.hrms.orangehrms.project.testcases.Admin_JobConfigTest@56ac3a89]" name="deleteJobTitleTest" duration-ms="5646" started-at="2016-09-09T07:49:13Z" data-provider="getDeleteData" finished-at="2016-09-09T07:49:19Z">
          <params>
            <param index="0">
              <value>
                <![CDATA[{Job Title=Network Engineer, BrowserName=Chrome, Runmode=Y, Expected Result=Pass}]]>
              </value>
            </param>
          </params>
          <reporter-output>
          </reporter-output>
        </test-method> <!-- deleteJobTitleTest -->
        <test-method status="PASS" signature="create()[pri:0, instance:com.hrms.orangehrms.project.testcases.Admin_JobConfigTest@56ac3a89]" name="create" is-config="true" duration-ms="0" started-at="2016-09-09T07:49:13Z" finished-at="2016-09-09T07:49:13Z">
          <reporter-output>
          </reporter-output>
        </test-method> <!-- create -->
        <test-method status="PASS" signature="destroy()[pri:0, instance:com.hrms.orangehrms.project.testcases.Admin_JobConfigTest@56ac3a89]" name="destroy" is-config="true" duration-ms="0" started-at="2016-09-09T07:49:19Z" finished-at="2016-09-09T07:49:19Z">
          <reporter-output>
          </reporter-output>
        </test-method> <!-- destroy -->
        <test-method status="PASS" signature="deleteJobTitleTest(java.util.Hashtable)[pri:0, instance:com.hrms.orangehrms.project.testcases.Admin_JobConfigTest@56ac3a89]" name="deleteJobTitleTest" duration-ms="5595" started-at="2016-09-09T07:49:19Z" data-provider="getDeleteData" finished-at="2016-09-09T07:49:24Z">
          <params>
            <param index="0">
              <value>
                <![CDATA[{Job Title=Project Manager, BrowserName=Chrome, Runmode=Y, Expected Result=Fail}]]>
              </value>
            </param>
          </params>
          <reporter-output>
          </reporter-output>
        </test-method> <!-- deleteJobTitleTest -->
        <test-method status="PASS" signature="create()[pri:0, instance:com.hrms.orangehrms.project.testcases.Admin_JobConfigTest@56ac3a89]" name="create" is-config="true" duration-ms="0" started-at="2016-09-09T07:49:19Z" finished-at="2016-09-09T07:49:19Z">
          <reporter-output>
          </reporter-output>
        </test-method> <!-- create -->
        <test-method status="PASS" signature="destroy()[pri:0, instance:com.hrms.orangehrms.project.testcases.Admin_JobConfigTest@56ac3a89]" name="destroy" is-config="true" duration-ms="0" started-at="2016-09-09T07:49:24Z" finished-at="2016-09-09T07:49:24Z">
          <reporter-output>
          </reporter-output>
        </test-method> <!-- destroy -->
        <test-method status="PASS" signature="editJobTitleTest(java.util.Hashtable)[pri:0, instance:com.hrms.orangehrms.project.testcases.Admin_JobConfigTest@56ac3a89]" name="editJobTitleTest" duration-ms="7730" started-at="2016-09-09T07:49:24Z" data-provider="getEditData" finished-at="2016-09-09T07:49:32Z">
          <params>
            <param index="0">
              <value>
                <![CDATA[{New Job Title=Test Architect, BrowserName=Chrome, Runmode=Y, Attachment=, Old Job Title=Software Engineer, Duplicate=Y, Job Specification=}]]>
              </value>
            </param>
          </params>
          <reporter-output>
          </reporter-output>
        </test-method> <!-- editJobTitleTest -->
        <test-method status="PASS" signature="create()[pri:0, instance:com.hrms.orangehrms.project.testcases.Admin_JobConfigTest@56ac3a89]" name="create" is-config="true" duration-ms="0" started-at="2016-09-09T07:49:24Z" finished-at="2016-09-09T07:49:24Z">
          <reporter-output>
          </reporter-output>
        </test-method> <!-- create -->
        <test-method status="PASS" signature="editJobTitleTest(java.util.Hashtable)[pri:0, instance:com.hrms.orangehrms.project.testcases.Admin_JobConfigTest@56ac3a89]" name="editJobTitleTest" duration-ms="41446" started-at="2016-09-09T07:49:32Z" data-provider="getEditData" finished-at="2016-09-09T07:50:13Z">
          <params>
            <param index="0">
              <value>
                <![CDATA[{New Job Title=Business Analyst, BrowserName=Chrome, Runmode=Y, Attachment=Random, Old Job Title=ICT Business Analyst, Duplicate=N, Job Specification=}]]>
              </value>
            </param>
          </params>
          <reporter-output>
          </reporter-output>
        </test-method> <!-- editJobTitleTest -->
        <test-method status="PASS" signature="destroy()[pri:0, instance:com.hrms.orangehrms.project.testcases.Admin_JobConfigTest@56ac3a89]" name="destroy" is-config="true" duration-ms="0" started-at="2016-09-09T07:49:32Z" finished-at="2016-09-09T07:49:32Z">
          <reporter-output>
          </reporter-output>
        </test-method> <!-- destroy -->
        <test-method status="PASS" signature="create()[pri:0, instance:com.hrms.orangehrms.project.testcases.Admin_JobConfigTest@56ac3a89]" name="create" is-config="true" duration-ms="0" started-at="2016-09-09T07:49:32Z" finished-at="2016-09-09T07:49:32Z">
          <reporter-output>
          </reporter-output>
        </test-method> <!-- create -->
        <test-method status="PASS" signature="destroy()[pri:0, instance:com.hrms.orangehrms.project.testcases.Admin_JobConfigTest@56ac3a89]" name="destroy" is-config="true" duration-ms="0" started-at="2016-09-09T07:50:13Z" finished-at="2016-09-09T07:50:13Z">
          <reporter-output>
          </reporter-output>
        </test-method> <!-- destroy -->
        <test-method status="PASS" signature="create()[pri:0, instance:com.hrms.orangehrms.project.testcases.Admin_JobConfigTest@56ac3a89]" name="create" is-config="true" duration-ms="0" started-at="2016-09-09T07:50:13Z" finished-at="2016-09-09T07:50:13Z">
          <reporter-output>
          </reporter-output>
        </test-method> <!-- create -->
        <test-method status="PASS" signature="editJobTitleTest(java.util.Hashtable)[pri:0, instance:com.hrms.orangehrms.project.testcases.Admin_JobConfigTest@56ac3a89]" name="editJobTitleTest" duration-ms="5708" started-at="2016-09-09T07:50:13Z" data-provider="getEditData" finished-at="2016-09-09T07:50:19Z">
          <params>
            <param index="0">
              <value>
                <![CDATA[{New Job Title=Network Security Engineer, BrowserName=Chrome, Runmode=Y, Attachment=, Old Job Title=Network Engineer, Duplicate=N, Job Specification=}]]>
              </value>
            </param>
          </params>
          <reporter-output>
          </reporter-output>
        </test-method> <!-- editJobTitleTest -->
        <test-method status="PASS" signature="destroy()[pri:0, instance:com.hrms.orangehrms.project.testcases.Admin_JobConfigTest@56ac3a89]" name="destroy" is-config="true" duration-ms="0" started-at="2016-09-09T07:50:19Z" finished-at="2016-09-09T07:50:19Z">
          <reporter-output>
          </reporter-output>
        </test-method> <!-- destroy -->
        <test-method status="PASS" signature="create()[pri:0, instance:com.hrms.orangehrms.project.testcases.Admin_JobConfigTest@56ac3a89]" name="create" is-config="true" duration-ms="1" started-at="2016-09-09T07:50:19Z" finished-at="2016-09-09T07:50:19Z">
          <reporter-output>
          </reporter-output>
        </test-method> <!-- create -->
        <test-method status="PASS" signature="editJobTitleTest(java.util.Hashtable)[pri:0, instance:com.hrms.orangehrms.project.testcases.Admin_JobConfigTest@56ac3a89]" name="editJobTitleTest" duration-ms="42040" started-at="2016-09-09T07:50:19Z" data-provider="getEditData" finished-at="2016-09-09T07:51:01Z">
          <params>
            <param index="0">
              <value>
                <![CDATA[{New Job Title=Test Architect, BrowserName=Chrome, Runmode=Y, Attachment=Random, Old Job Title=Test Architect, Duplicate=N, Job Specification=Replace Current}]]>
              </value>
            </param>
          </params>
          <reporter-output>
          </reporter-output>
        </test-method> <!-- editJobTitleTest -->
        <test-method status="PASS" signature="destroy()[pri:0, instance:com.hrms.orangehrms.project.testcases.Admin_JobConfigTest@56ac3a89]" name="destroy" is-config="true" duration-ms="1" started-at="2016-09-09T07:51:01Z" finished-at="2016-09-09T07:51:01Z">
          <reporter-output>
          </reporter-output>
        </test-method> <!-- destroy -->
        <test-method status="PASS" signature="editJobTitleTest(java.util.Hashtable)[pri:0, instance:com.hrms.orangehrms.project.testcases.Admin_JobConfigTest@56ac3a89]" name="editJobTitleTest" duration-ms="41597" started-at="2016-09-09T07:51:01Z" data-provider="getEditData" finished-at="2016-09-09T07:51:43Z">
          <params>
            <param index="0">
              <value>
                <![CDATA[{New Job Title=Software Engineer, BrowserName=Chrome, Runmode=Y, Attachment=, Old Job Title=Software Engineer, Duplicate=N, Job Specification=Keep Current}]]>
              </value>
            </param>
          </params>
          <reporter-output>
          </reporter-output>
        </test-method> <!-- editJobTitleTest -->
        <test-method status="PASS" signature="create()[pri:0, instance:com.hrms.orangehrms.project.testcases.Admin_JobConfigTest@56ac3a89]" name="create" is-config="true" duration-ms="0" started-at="2016-09-09T07:51:01Z" finished-at="2016-09-09T07:51:01Z">
          <reporter-output>
          </reporter-output>
        </test-method> <!-- create -->
        <test-method status="PASS" signature="create()[pri:0, instance:com.hrms.orangehrms.project.testcases.Admin_JobConfigTest@56ac3a89]" name="create" is-config="true" duration-ms="1" started-at="2016-09-09T07:51:43Z" finished-at="2016-09-09T07:51:43Z">
          <reporter-output>
          </reporter-output>
        </test-method> <!-- create -->
        <test-method status="PASS" signature="destroy()[pri:0, instance:com.hrms.orangehrms.project.testcases.Admin_JobConfigTest@56ac3a89]" name="destroy" is-config="true" duration-ms="0" started-at="2016-09-09T07:51:43Z" finished-at="2016-09-09T07:51:43Z">
          <reporter-output>
          </reporter-output>
        </test-method> <!-- destroy -->
        <test-method status="PASS" signature="editJobTitleTest(java.util.Hashtable)[pri:0, instance:com.hrms.orangehrms.project.testcases.Admin_JobConfigTest@56ac3a89]" name="editJobTitleTest" duration-ms="5636" started-at="2016-09-09T07:51:43Z" data-provider="getEditData" finished-at="2016-09-09T07:51:48Z">
          <params>
            <param index="0">
              <value>
                <![CDATA[{New Job Title=Sr. Software Engineer, BrowserName=Chrome, Runmode=Y, Attachment=E:\Selenium\OrangeHRM\OrangeHRMS_DDF_Framework\extentreports\abc.xml, Old Job Title=Sr. Software Engineer, Duplicate=N, Job Specification=Replace Current}]]>
              </value>
            </param>
          </params>
          <reporter-output>
          </reporter-output>
        </test-method> <!-- editJobTitleTest -->
        <test-method status="PASS" signature="destroy()[pri:0, instance:com.hrms.orangehrms.project.testcases.Admin_JobConfigTest@56ac3a89]" name="destroy" is-config="true" duration-ms="1" started-at="2016-09-09T07:51:48Z" finished-at="2016-09-09T07:51:48Z">
          <reporter-output>
          </reporter-output>
        </test-method> <!-- destroy -->
        <test-method status="PASS" signature="create()[pri:0, instance:com.hrms.orangehrms.project.testcases.Admin_JobConfigTest@56ac3a89]" name="create" is-config="true" duration-ms="0" started-at="2016-09-09T07:51:48Z" finished-at="2016-09-09T07:51:48Z">
          <reporter-output>
          </reporter-output>
        </test-method> <!-- create -->
        <test-method status="PASS" signature="editJobTitleTest(java.util.Hashtable)[pri:0, instance:com.hrms.orangehrms.project.testcases.Admin_JobConfigTest@56ac3a89]" name="editJobTitleTest" duration-ms="41292" started-at="2016-09-09T07:51:48Z" data-provider="getEditData" finished-at="2016-09-09T07:52:30Z">
          <params>
            <param index="0">
              <value>
                <![CDATA[{New Job Title=QA Engineer, BrowserName=Chrome, Runmode=Y, Attachment=, Old Job Title=QA Engineer, Duplicate=N, Job Specification=Delete Current}]]>
              </value>
            </param>
          </params>
          <reporter-output>
          </reporter-output>
        </test-method> <!-- editJobTitleTest -->
        <test-method status="PASS" signature="destroy()[pri:0, instance:com.hrms.orangehrms.project.testcases.Admin_JobConfigTest@56ac3a89]" name="destroy" is-config="true" duration-ms="0" started-at="2016-09-09T07:52:30Z" finished-at="2016-09-09T07:52:30Z">
          <reporter-output>
          </reporter-output>
        </test-method> <!-- destroy -->
        <test-method status="PASS" signature="tearDown()[pri:0, instance:com.hrms.orangehrms.project.testcases.Admin_JobConfigTest@56ac3a89]" name="tearDown" is-config="true" duration-ms="1184" started-at="2016-09-09T07:52:30Z" finished-at="2016-09-09T07:52:31Z">
          <reporter-output>
          </reporter-output>
        </test-method> <!-- tearDown -->
      </class> <!-- com.hrms.orangehrms.project.testcases.Admin_JobConfigTest -->
    </test> <!-- Default test -->
  </suite> <!-- Default suite -->
</testng-results>
