<?xml version="1.0" encoding="UTF-8"?>
<testng-results skipped="0" failed="1" total="5" passed="4">
  <reporter-output>
  </reporter-output>
  <suite name="OrangeHRMS" duration-ms="123122" started-at="2016-08-31T16:33:35Z" finished-at="2016-08-31T16:35:38Z">
    <groups>
    </groups>
    <test name="Login Test" duration-ms="85417" started-at="2016-08-31T16:33:35Z" finished-at="2016-08-31T16:35:00Z">
      <class name="com.hrms.orangehrms.project.testcases.LoginTest">
        <test-method status="PASS" signature="startUp()[pri:0, instance:com.hrms.orangehrms.project.testcases.LoginTest@6d3af739]" name="startUp" is-config="true" duration-ms="7" started-at="2016-08-31T22:03:35Z" finished-at="2016-08-31T22:03:35Z">
          <reporter-output>
          </reporter-output>
        </test-method> <!-- startUp -->
        <test-method status="PASS" signature="doLogin(java.util.Hashtable)[pri:0, instance:com.hrms.orangehrms.project.testcases.LoginTest@6d3af739]" name="doLogin" duration-ms="13350" started-at="2016-08-31T22:03:35Z" data-provider="getData" finished-at="2016-08-31T22:03:49Z">
          <params>
            <param index="0">
              <value>
                <![CDATA[{Username=admin, BrowserName=Chrome, Password=admin, Runmode=Y, Expected Result=Pass}]]>
              </value>
            </param>
          </params>
          <reporter-output>
          </reporter-output>
        </test-method> <!-- doLogin -->
        <test-method status="PASS" signature="doLogin(java.util.Hashtable)[pri:0, instance:com.hrms.orangehrms.project.testcases.LoginTest@6d3af739]" name="doLogin" duration-ms="36531" started-at="2016-08-31T22:03:49Z" data-provider="getData" finished-at="2016-08-31T22:04:25Z">
          <params>
            <param index="0">
              <value>
                <![CDATA[{Username=admin, BrowserName=Chrome, Password=xyzsa, Runmode=Y, Expected Result=Fail}]]>
              </value>
            </param>
          </params>
          <reporter-output>
          </reporter-output>
        </test-method> <!-- doLogin -->
        <test-method status="PASS" signature="close()[pri:0, instance:com.hrms.orangehrms.project.testcases.LoginTest@6d3af739]" name="close" is-config="true" duration-ms="0" started-at="2016-08-31T22:03:49Z" finished-at="2016-08-31T22:03:49Z">
          <reporter-output>
          </reporter-output>
        </test-method> <!-- close -->
        <test-method status="PASS" signature="close()[pri:0, instance:com.hrms.orangehrms.project.testcases.LoginTest@6d3af739]" name="close" is-config="true" duration-ms="0" started-at="2016-08-31T22:04:25Z" finished-at="2016-08-31T22:04:25Z">
          <reporter-output>
          </reporter-output>
        </test-method> <!-- close -->
        <test-method status="FAIL" signature="doLogin(java.util.Hashtable)[pri:0, instance:com.hrms.orangehrms.project.testcases.LoginTest@6d3af739]" name="doLogin" duration-ms="33819" started-at="2016-08-31T22:04:25Z" data-provider="getData" finished-at="2016-08-31T22:04:59Z">
          <params>
            <param index="0">
              <value>
                <![CDATA[{Username=jack, BrowserName=Chrome, Password=smith, Runmode=Y, Expected Result=Pass}]]>
              </value>
            </param>
          </params>
          <exception class="java.lang.AssertionError">
            <message>
              <![CDATA[Login Test Failed]]>
            </message>
            <full-stacktrace>
              <![CDATA[java.lang.AssertionError: Login Test Failed
	at org.testng.Assert.fail(Assert.java:94)
	at com.hrms.orangehrms.project.base.BaseTest.reportFailure(BaseTest.java:160)
	at com.hrms.orangehrms.project.testcases.LoginTest.doLogin(LoginTest.java:63)
	at sun.reflect.NativeMethodAccessorImpl.invoke0(Native Method)
	at sun.reflect.NativeMethodAccessorImpl.invoke(NativeMethodAccessorImpl.java:62)
	at sun.reflect.DelegatingMethodAccessorImpl.invoke(DelegatingMethodAccessorImpl.java:43)
	at java.lang.reflect.Method.invoke(Method.java:497)
	at org.testng.internal.MethodInvocationHelper.invokeMethod(MethodInvocationHelper.java:85)
	at org.testng.internal.Invoker.invokeMethod(Invoker.java:639)
	at org.testng.internal.Invoker.invokeTestMethod(Invoker.java:816)
	at org.testng.internal.Invoker.invokeTestMethods(Invoker.java:1124)
	at org.testng.internal.TestMethodWorker.invokeTestMethods(TestMethodWorker.java:125)
	at org.testng.internal.TestMethodWorker.run(TestMethodWorker.java:108)
	at org.testng.TestRunner.privateRun(TestRunner.java:774)
	at org.testng.TestRunner.run(TestRunner.java:624)
	at org.testng.SuiteRunner.runTest(SuiteRunner.java:359)
	at org.testng.SuiteRunner.runSequentially(SuiteRunner.java:354)
	at org.testng.SuiteRunner.privateRun(SuiteRunner.java:312)
	at org.testng.SuiteRunner.run(SuiteRunner.java:261)
	at org.testng.SuiteRunnerWorker.runSuite(SuiteRunnerWorker.java:52)
	at org.testng.SuiteRunnerWorker.run(SuiteRunnerWorker.java:86)
	at org.testng.TestNG.runSuitesSequentially(TestNG.java:1215)
	at org.testng.TestNG.runSuitesLocally(TestNG.java:1140)
	at org.testng.TestNG.run(TestNG.java:1048)
	at org.testng.TestNG.privateMain(TestNG.java:1355)
	at org.testng.TestNG.main(TestNG.java:1324)
]]>
            </full-stacktrace>
          </exception> <!-- java.lang.AssertionError -->
          <reporter-output>
          </reporter-output>
        </test-method> <!-- doLogin -->
        <test-method status="PASS" signature="close()[pri:0, instance:com.hrms.orangehrms.project.testcases.LoginTest@6d3af739]" name="close" is-config="true" duration-ms="0" started-at="2016-08-31T22:04:59Z" finished-at="2016-08-31T22:04:59Z">
          <reporter-output>
          </reporter-output>
        </test-method> <!-- close -->
        <test-method status="PASS" signature="tearDown()[pri:0, instance:com.hrms.orangehrms.project.testcases.LoginTest@6d3af739]" name="tearDown" is-config="true" duration-ms="1210" started-at="2016-08-31T22:04:59Z" finished-at="2016-08-31T22:05:00Z">
          <reporter-output>
          </reporter-output>
        </test-method> <!-- tearDown -->
      </class> <!-- com.hrms.orangehrms.project.testcases.LoginTest -->
    </test> <!-- Login Test -->
    <test name="Job Titles Test" duration-ms="37693" started-at="2016-08-31T16:35:00Z" finished-at="2016-08-31T16:35:38Z">
      <class name="com.hrms.orangehrms.project.testcases.Admin_JobConfigTest">
        <test-method status="PASS" signature="startUp()[pri:0, instance:com.hrms.orangehrms.project.testcases.Admin_JobConfigTest@5427c60c]" name="startUp" is-config="true" duration-ms="1" started-at="2016-08-31T22:05:00Z" finished-at="2016-08-31T22:05:00Z">
          <reporter-output>
          </reporter-output>
        </test-method> <!-- startUp -->
        <test-method status="PASS" signature="addJobTitles(java.util.Hashtable)[pri:0, instance:com.hrms.orangehrms.project.testcases.Admin_JobConfigTest@5427c60c]" name="addJobTitles" duration-ms="25435" started-at="2016-08-31T22:05:00Z" data-provider="getData" finished-at="2016-08-31T22:05:26Z">
          <params>
            <param index="0">
              <value>
                <![CDATA[{Note=Write code to make solve a business problem, Job Title=Software Engineer, BrowserName=Chrome, Runmode=Y, Job Description=Design software systems, Job Specification=}]]>
              </value>
            </param>
          </params>
          <reporter-output>
          </reporter-output>
        </test-method> <!-- addJobTitles -->
        <test-method status="PASS" signature="addJobTitles(java.util.Hashtable)[pri:0, instance:com.hrms.orangehrms.project.testcases.Admin_JobConfigTest@5427c60c]" name="addJobTitles" duration-ms="11313" started-at="2016-08-31T22:05:26Z" data-provider="getData" finished-at="2016-08-31T22:05:37Z">
          <params>
            <param index="0">
              <value>
                <![CDATA[{Note=Write test cases, Job Title=Software Tester, BrowserName=Chrome, Runmode=Y, Job Description=Find faults and defects in the system, Job Specification=}]]>
              </value>
            </param>
          </params>
          <reporter-output>
          </reporter-output>
        </test-method> <!-- addJobTitles -->
        <test-method status="PASS" signature="tearDown()[pri:0, instance:com.hrms.orangehrms.project.testcases.Admin_JobConfigTest@5427c60c]" name="tearDown" is-config="true" duration-ms="859" started-at="2016-08-31T22:05:37Z" finished-at="2016-08-31T22:05:38Z">
          <reporter-output>
          </reporter-output>
        </test-method> <!-- tearDown -->
      </class> <!-- com.hrms.orangehrms.project.testcases.Admin_JobConfigTest -->
    </test> <!-- Job Titles Test -->
  </suite> <!-- OrangeHRMS -->
</testng-results>
