<?xml version="1.0" encoding="UTF-8"?>
<!-- Generated by org.testng.reporters.JUnitXMLReporter -->
<testsuite hostname="USER" name="Job Titles Test" tests="6" failures="0" timestamp="2 Sep 2016 02:50:11 GMT" time="99.092" errors="0">
  <testcase name="addJobTitles" time="27.748" classname="com.hrms.orangehrms.project.testcases.Admin_JobConfigTest"/>
  <testcase name="addJobTitles" time="41.895" classname="com.hrms.orangehrms.project.testcases.Admin_JobConfigTest"/>
  <testcase name="addJobTitles" time="7.505" classname="com.hrms.orangehrms.project.testcases.Admin_JobConfigTest"/>
  <testcase name="deleteJobTitleTest" time="9.488" classname="com.hrms.orangehrms.project.testcases.Admin_JobConfigTest"/>
  <testcase name="deleteJobTitleTest" time="5.579" classname="com.hrms.orangehrms.project.testcases.Admin_JobConfigTest"/>
  <testcase name="deleteJobTitleTest" time="5.548" classname="com.hrms.orangehrms.project.testcases.Admin_JobConfigTest"/>
</testsuite> <!-- Job Titles Test -->
