<?xml version="1.0" encoding="UTF-8"?>
<!-- Generated by org.testng.reporters.JUnitXMLReporter -->
<testsuite hostname="USER" name="Job Titles Test" tests="17" failures="0" timestamp="7 Sep 2016 02:29:01 GMT" time="445.764" errors="0">
  <testcase name="addJobTitles" time="28.405" classname="com.hrms.orangehrms.project.testcases.Admin_JobConfigTest"/>
  <testcase name="addJobTitles" time="9.599" classname="com.hrms.orangehrms.project.testcases.Admin_JobConfigTest"/>
  <testcase name="addJobTitles" time="8.675" classname="com.hrms.orangehrms.project.testcases.Admin_JobConfigTest"/>
  <testcase name="addJobTitles" time="8.15" classname="com.hrms.orangehrms.project.testcases.Admin_JobConfigTest"/>
  <testcase name="addJobTitles" time="70.576" classname="com.hrms.orangehrms.project.testcases.Admin_JobConfigTest"/>
  <testcase name="addJobTitles" time="71.907" classname="com.hrms.orangehrms.project.testcases.Admin_JobConfigTest"/>
  <testcase name="addJobTitles" time="71.555" classname="com.hrms.orangehrms.project.testcases.Admin_JobConfigTest"/>
  <testcase name="deleteJobTitleTest" time="9.405" classname="com.hrms.orangehrms.project.testcases.Admin_JobConfigTest"/>
  <testcase name="deleteJobTitleTest" time="5.879" classname="com.hrms.orangehrms.project.testcases.Admin_JobConfigTest"/>
  <testcase name="deleteJobTitleTest" time="5.77" classname="com.hrms.orangehrms.project.testcases.Admin_JobConfigTest"/>
  <testcase name="editJobTitleTest" time="7.809" classname="com.hrms.orangehrms.project.testcases.Admin_JobConfigTest"/>
  <testcase name="editJobTitleTest" time="5.827" classname="com.hrms.orangehrms.project.testcases.Admin_JobConfigTest"/>
  <testcase name="editJobTitleTest" time="5.66" classname="com.hrms.orangehrms.project.testcases.Admin_JobConfigTest"/>
  <testcase name="editJobTitleTest" time="41.772" classname="com.hrms.orangehrms.project.testcases.Admin_JobConfigTest"/>
  <testcase name="editJobTitleTest" time="41.862" classname="com.hrms.orangehrms.project.testcases.Admin_JobConfigTest"/>
  <testcase name="editJobTitleTest" time="9.949" classname="com.hrms.orangehrms.project.testcases.Admin_JobConfigTest"/>
  <testcase name="editJobTitleTest" time="41.355" classname="com.hrms.orangehrms.project.testcases.Admin_JobConfigTest"/>
</testsuite> <!-- Job Titles Test -->
