<?xml version="1.0" encoding="UTF-8"?>
<!-- Generated by org.testng.reporters.JUnitXMLReporter -->
<testsuite hostname="USER" name="Login Test" tests="2" failures="0" timestamp="29 Aug 2016 05:20:21 GMT" time="15.057" errors="0">
  <testcase name="doLogin" time="12.504" classname="com.hrms.orangehrms.project.testcases.LoginTest"/>
  <testcase name="doLogin" time="0.0" classname="com.hrms.orangehrms.project.testcases.LoginTest">
    <skipped/>
  </testcase> <!-- doLogin -->
</testsuite> <!-- Login Test -->
