<?xml version="1.0" encoding="UTF-8"?>
<!-- Generated by org.testng.reporters.JUnitXMLReporter -->
<testsuite hostname="USER" name="Login Test" tests="3" failures="0" timestamp="3 Sep 2016 03:06:08 GMT" time="1.609" errors="0">
  <testcase name="doLogin" time="0.016" classname="com.hrms.orangehrms.project.testcases.LoginTest">
    <skipped/>
  </testcase> <!-- doLogin -->
  <testcase name="doLogin" time="0.0" classname="com.hrms.orangehrms.project.testcases.LoginTest">
    <skipped/>
  </testcase> <!-- doLogin -->
  <testcase name="doLogin" time="0.0" classname="com.hrms.orangehrms.project.testcases.LoginTest">
    <skipped/>
  </testcase> <!-- doLogin -->
</testsuite> <!-- Login Test -->
